<?xml version="1.0" encoding="UTF-8"?>
<!-- Generated by org.testng.reporters.JUnitXMLReporter -->
<testsuite ignored="0" hostname="pulkit.agrawal-MacBook-Pro" failures="0" tests="5" name="Surefire test" time="4.914" errors="0" timestamp="2024-02-21T14:43:08 IST">
  <testcase classname="com.spotify.oauth2.tests.PlaylistTests" name="shouldNotBeAbleToCreateplaylistWithExpireToken" time="3.413"/>
  <testcase classname="com.spotify.oauth2.tests.PlaylistTests" name="shouldNotBeAbleToCreateplaylistWithoutName" time="4.479"/>
  <testcase classname="com.spotify.oauth2.tests.PlaylistTests" name="shouldBeAbleToGetPlaylist" time="4.625"/>
  <testcase classname="com.spotify.oauth2.tests.PlaylistTests" name="shouldBeAbleToCreateplaylist" time="4.643"/>
  <testcase classname="com.spotify.oauth2.tests.PlaylistTests" name="shouldBeAbleToUpdatePlayLists" time="4.674"/>
</testsuite> <!-- Surefire test -->
