<?xml version="1.0" encoding="UTF-8"?>
<testsuite xmlns:xsi="http://www.w3.org/2001/XMLSchema-instance" xsi:noNamespaceSchemaLocation="https://maven.apache.org/surefire/maven-surefire-plugin/xsd/surefire-test-report-3.0.xsd" version="3.0" name="com.spotify.oauth2.tests.PlaylistTests" time="6.62" tests="5" errors="0" skipped="0" failures="0">
  <properties>
[...]
</properties>
  <testcase name="shouldBeAbleToCreateplaylist" classname="com.spotify.oauth2.tests.PlaylistTests" time="4.475">
    <system-out><![CDATA[Renewing Token....
Request method:	POST
Request URI:	https://accounts.spotify.com/api/token
Proxy:			<none>
Request params:	<none>
Query params:	<none>
Form params:	refresh_token=AQCLAP-gclfsdRgbAk0LLxTPdrguMemUudwbj-lk83KOQ0W9j2xi_V8sZoTUHe0ttGoirAjbpJu2mxckWcJOR2I5zSr7Ym29npZ2ks91UjWyDE0tFHooYpjBJqwGakXc5_4
				grant_type=refresh_token
				client_secret=488d0e1e9e6141f6aafcff93aa8cce01
				client_id=21eef10696a64a3eb008c12d3573b42e
Path params:	<none>
Headers:		Accept=*/*
				Content-Type=application/x-www-form-urlencoded; charset=ISO-8859-1
Cookies:		<none>
Multiparts:		<none>
Body:			<none>
HTTP/1.1 200 OK
date: Sun, 18 Feb 2024 06:01:24 GMT
content-type: application/json
vary: Accept-Encoding
set-cookie: __Host-device_id=AQD4nGszGVu4bqrCzDFEsMjwBXnjNX2WdOOfvDVKqHep62blbOCK4RKwuA1A8VcDYfdbJW7cKcdGi2QoK5dclLnQ9nfictecvdw;Version=1;Path=/;Max-Age=2147483647;Secure;HttpOnly;SameSite=Lax
set-cookie: sp_tr=false;Version=1;Domain=accounts.spotify.com;Path=/;Secure;SameSite=Lax
sp-trace-id: c1a2672fba057cfe
content-encoding: gzip
x-envoy-upstream-service-time: 32
server: envoy
strict-transport-security: max-age=31536000
x-content-type-options: nosniff
Via: HTTP/2 edgeproxy, 1.1 google
Alt-Svc: h3=":443"; ma=2592000,h3-29=":443"; ma=2592000
Transfer-Encoding: chunked

{
    "access_token": "BQAm_a6oDJ9wJS95eWHT1rlgtJRTH-yhhrhimSWYUcrz3mvd5_qNhGH9dI7pJHZYeNU2rcH45kKmHB6Q7bTYH4V-YNGDVnucaohnK4VGnUnKcnU-tM9SnWojb_UUjj-bnaIzX5FvLVOdmonj0hrOZdP632GE9UqX2v8Voq38rqbw44ejKS5d8RzgFWCbyiA5I39VNzZzdQuZSE6QVcwAKMan4EPVUyrfkHwlB5OXD0gordj3dLvGnTm2kkYnUvNqrhXu4COk-2U-4KzA",
    "token_type": "Bearer",
    "expires_in": 3600,
    "scope": "playlist-read-private playlist-read-collaborative playlist-modify-private playlist-modify-public"
}
Request method:	POST
Request URI:	https://api.spotify.com/v1/users/31rf3skpk3sdus37q7ujfr3eqh4m/playlists
Proxy:			<none>
Request params:	<none>
Query params:	<none>
Form params:	<none>
Path params:	<none>
Headers:		Accept=*/*
				Content-Type=application/json
Cookies:		<none>
Multiparts:		<none>
Body:
{
    "name": "New PlayList",
    "description": "New PlayList description",
    "public": false
}
HTTP/1.1 201 Created
content-type: application/json; charset=utf-8
cache-control: private, max-age=0
location: https://api.spotify.com/v1/playlists/6RHTIf2cl7vjLRBdSib4PY
x-robots-tag: noindex, nofollow
access-control-allow-origin: *
access-control-allow-headers: Accept, App-Platform, Authorization, Content-Type, Origin, Retry-After, Spotify-App-Version, X-Cloud-Trace-Context, client-token, content-access-token
access-control-allow-methods: GET, POST, OPTIONS, PUT, DELETE, PATCH
access-control-allow-credentials: true
access-control-max-age: 604800
content-encoding: gzip
strict-transport-security: max-age=31536000
x-content-type-options: nosniff
date: Sun, 18 Feb 2024 06:01:26 GMT
server: envoy
Via: HTTP/2 edgeproxy, 1.1 google
Alt-Svc: h3=":443"; ma=2592000,h3-29=":443"; ma=2592000
Transfer-Encoding: chunked

{
    "collaborative": false,
    "description": "New PlayList description",
    "external_urls": {
        "spotify": "https://open.spotify.com/playlist/6RHTIf2cl7vjLRBdSib4PY"
    },
    "followers": {
        "href": null,
        "total": 0
    },
    "href": "https://api.spotify.com/v1/playlists/6RHTIf2cl7vjLRBdSib4PY",
    "id": "6RHTIf2cl7vjLRBdSib4PY",
    "images": [
        
    ],
    "name": "New PlayList",
    "owner": {
        "display_name": "Pulkit Agrawal",
        "external_urls": {
            "spotify": "https://open.spotify.com/user/31rf3skpk3sdus37q7ujfr3eqh4m"
        },
        "href": "https://api.spotify.com/v1/users/31rf3skpk3sdus37q7ujfr3eqh4m",
        "id": "31rf3skpk3sdus37q7ujfr3eqh4m",
        "type": "user",
        "uri": "spotify:user:31rf3skpk3sdus37q7ujfr3eqh4m"
    },
    "primary_color": null,
    "public": false,
    "snapshot_id": "MSxhYzBkZWIzYjM1ZmU1YzJhMDRjOGU0NzYwNTY1ZGZjZmFkMzMyZjFh",
    "tracks": {
        "href": "https://api.spotify.com/v1/playlists/6RHTIf2cl7vjLRBdSib4PY/tracks",
        "items": [
            
        ],
        "limit": 100,
        "next": null,
        "offset": 0,
        "previous": null,
        "total": 0
    },
    "type": "playlist",
    "uri": "spotify:playlist:6RHTIf2cl7vjLRBdSib4PY"
}
]]></system-out>
    <system-err><![CDATA[SLF4J: Failed to load class "org.slf4j.impl.StaticLoggerBinder".
SLF4J: Defaulting to no-operation (NOP) logger implementation
SLF4J: See http://www.slf4j.org/codes.html#StaticLoggerBinder for further details.
]]></system-err>
  </testcase>
  <testcase name="shouldBeAbleToGetPlaylist" classname="com.spotify.oauth2.tests.PlaylistTests" time="0.248">
    <system-out><![CDATA[Token is good to use
Request method:	GET
Request URI:	https://api.spotify.com/v1/playlists/60B55tqiGfAdC3hhTq65UN
Proxy:			<none>
Request params:	<none>
Query params:	<none>
Form params:	<none>
Path params:	<none>
Headers:		Accept=*/*
				Content-Type=application/json
Cookies:		<none>
Multiparts:		<none>
Body:			<none>
HTTP/1.1 200 OK
content-type: application/json; charset=utf-8
cache-control: public, max-age=0
etag: "MC-IjdjMDE1ZWFlMjU5ODIwOTE2MGZjMTExMDU5MjIyMTNlIg=="
x-robots-tag: noindex, nofollow
access-control-allow-origin: *
access-control-allow-headers: Accept, App-Platform, Authorization, Content-Type, Origin, Retry-After, Spotify-App-Version, X-Cloud-Trace-Context, client-token, content-access-token
access-control-allow-methods: GET, POST, OPTIONS, PUT, DELETE, PATCH
access-control-allow-credentials: true
access-control-max-age: 604800
content-encoding: gzip
strict-transport-security: max-age=31536000
x-content-type-options: nosniff
date: Sun, 18 Feb 2024 06:01:26 GMT
server: envoy
Via: HTTP/2 edgeproxy, 1.1 google
Alt-Svc: h3=":443"; ma=2592000,h3-29=":443"; ma=2592000
Transfer-Encoding: chunked

{
    "collaborative": false,
    "description": "New playlist description",
    "external_urls": {
        "spotify": "https://open.spotify.com/playlist/60B55tqiGfAdC3hhTq65UN"
    },
    "followers": {
        "href": null,
        "total": 0
    },
    "href": "https://api.spotify.com/v1/playlists/60B55tqiGfAdC3hhTq65UN",
    "id": "60B55tqiGfAdC3hhTq65UN",
    "images": null,
    "name": "New Playlist 1",
    "owner": {
        "display_name": "Pulkit Agrawal",
        "external_urls": {
            "spotify": "https://open.spotify.com/user/31rf3skpk3sdus37q7ujfr3eqh4m"
        },
        "href": "https://api.spotify.com/v1/users/31rf3skpk3sdus37q7ujfr3eqh4m",
        "id": "31rf3skpk3sdus37q7ujfr3eqh4m",
        "type": "user",
        "uri": "spotify:user:31rf3skpk3sdus37q7ujfr3eqh4m"
    },
    "primary_color": null,
    "public": true,
    "snapshot_id": "MixiM2JkN2M4MzhlNDY0M2YwZTBiNTk3ZWEyMTA2NTViMWY1NDJiYTM2",
    "tracks": {
        "href": "https://api.spotify.com/v1/playlists/60B55tqiGfAdC3hhTq65UN/tracks?offset=0&limit=0",
        "items": [
            
        ],
        "limit": 0,
        "next": null,
        "offset": 0,
        "previous": null,
        "total": 0
    },
    "type": "playlist",
    "uri": "spotify:playlist:60B55tqiGfAdC3hhTq65UN"
}
]]></system-out>
  </testcase>
  <testcase name="shouldBeAbleToUpdatePlayLists" classname="com.spotify.oauth2.tests.PlaylistTests" time="0.275">
    <system-out><![CDATA[Token is good to use
Request method:	PUT
Request URI:	https://api.spotify.com/v1/playlists/2Iky6h9qx1lt7mnbiipIIp
Proxy:			<none>
Request params:	<none>
Query params:	<none>
Form params:	<none>
Path params:	<none>
Headers:		Accept=*/*
				Content-Type=application/json
Cookies:		<none>
Multiparts:		<none>
Body:
{
    "name": "Update PlayList 1",
    "description": "Update PlayList Description",
    "public": false
}
HTTP/1.1 200 OK
cache-control: private, max-age=0
x-robots-tag: noindex, nofollow
access-control-allow-origin: *
access-control-allow-headers: Accept, App-Platform, Authorization, Content-Type, Origin, Retry-After, Spotify-App-Version, X-Cloud-Trace-Context, client-token, content-access-token
access-control-allow-methods: GET, POST, OPTIONS, PUT, DELETE, PATCH
access-control-allow-credentials: true
access-control-max-age: 604800
Content-Length: 0
strict-transport-security: max-age=31536000
x-content-type-options: nosniff
date: Sun, 18 Feb 2024 06:01:27 GMT
server: envoy
Via: HTTP/2 edgeproxy, 1.1 google
Alt-Svc: h3=":443"; ma=2592000,h3-29=":443"; ma=2592000
]]></system-out>
  </testcase>
  <testcase name="shouldNotBeAbleToCreateplaylistWithExpireToken" classname="com.spotify.oauth2.tests.PlaylistTests" time="0.196">
    <system-out><![CDATA[Request method:	POST
Request URI:	https://api.spotify.com/v1/users/31rf3skpk3sdus37q7ujfr3eqh4m/playlists
Proxy:			<none>
Request params:	<none>
Query params:	<none>
Form params:	<none>
Path params:	<none>
Headers:		Accept=*/*
				Content-Type=application/json
Cookies:		<none>
Multiparts:		<none>
Body:
{
    "name": "New Playlist",
    "description": "New Playlist description",
    "public": false
}
HTTP/1.1 401 Unauthorized
www-authenticate: Bearer realm="spotify", error="invalid_token", error_description="Invalid access token"
access-control-allow-origin: *
access-control-allow-headers: Accept, App-Platform, Authorization, Content-Type, Origin, Retry-After, Spotify-App-Version, X-Cloud-Trace-Context, client-token, content-access-token
access-control-allow-methods: GET, POST, OPTIONS, PUT, DELETE, PATCH
access-control-allow-credentials: true
access-control-max-age: 604800
content-type: application/json
content-encoding: gzip
strict-transport-security: max-age=31536000
x-content-type-options: nosniff
date: Sun, 18 Feb 2024 06:01:27 GMT
server: envoy
Via: HTTP/2 edgeproxy, 1.1 google
Alt-Svc: h3=":443"; ma=2592000,h3-29=":443"; ma=2592000
Transfer-Encoding: chunked

{
    "error": {
        "status": 401,
        "message": "Invalid access token"
    }
}
]]></system-out>
  </testcase>
  <testcase name="shouldNotBeAbleToCreateplaylistWithoutName" classname="com.spotify.oauth2.tests.PlaylistTests" time="0.194">
    <system-out><![CDATA[Token is good to use
Request method:	POST
Request URI:	https://api.spotify.com/v1/users/31rf3skpk3sdus37q7ujfr3eqh4m/playlists
Proxy:			<none>
Request params:	<none>
Query params:	<none>
Form params:	<none>
Path params:	<none>
Headers:		Accept=*/*
				Content-Type=application/json
Cookies:		<none>
Multiparts:		<none>
Body:
{
    "name": "",
    "description": "Update PlayList Description",
    "public": false
}
HTTP/1.1 400 Bad Request
content-type: application/json; charset=utf-8
cache-control: private, max-age=0
x-robots-tag: noindex, nofollow
access-control-allow-origin: *
access-control-allow-headers: Accept, App-Platform, Authorization, Content-Type, Origin, Retry-After, Spotify-App-Version, X-Cloud-Trace-Context, client-token, content-access-token
access-control-allow-methods: GET, POST, OPTIONS, PUT, DELETE, PATCH
access-control-allow-credentials: true
access-control-max-age: 604800
content-encoding: gzip
strict-transport-security: max-age=31536000
x-content-type-options: nosniff
date: Sun, 18 Feb 2024 06:01:27 GMT
server: envoy
Via: HTTP/2 edgeproxy, 1.1 google
Alt-Svc: h3=":443"; ma=2592000,h3-29=":443"; ma=2592000
Transfer-Encoding: chunked

{
    "error": {
        "status": 400,
        "message": "Missing required field: name"
    }
}
]]></system-out>
  </testcase>
</testsuite>