<?xml version="1.0" encoding="UTF-8"?>
<testng-results ignored="0" total="5" passed="5" failed="0" skipped="0">
  <reporter-output>
  </reporter-output>
  <suite started-at="2024-02-21T14:43:03 IST" name="Surefire suite" finished-at="2024-02-21T14:43:08 IST" duration-ms="4914">
    <groups>
    </groups>
    <test started-at="2024-02-21T14:43:03 IST" name="Surefire test" finished-at="2024-02-21T14:43:08 IST" duration-ms="4914">
      <class name="com.spotify.oauth2.tests.PlaylistTests">
        <test-method is-config="true" signature="beforeMethod(java.lang.reflect.Method)[pri:0, instance:com.spotify.oauth2.tests.PlaylistTests@6293e39e]" started-at="2024-02-21T14:43:03 IST" name="beforeMethod" finished-at="2024-02-21T14:43:03 IST" duration-ms="27" status="PASS">
          <params>
            <param index="0">
              <value>
                <![CDATA[public void com.spotify.oauth2.tests.PlaylistTests.shouldBeAbleToGetPlaylist()]]>
              </value>
            </param>
          </params>
          <reporter-output>
          </reporter-output>
        </test-method> <!-- beforeMethod -->
        <test-method is-config="true" signature="beforeMethod(java.lang.reflect.Method)[pri:0, instance:com.spotify.oauth2.tests.PlaylistTests@6293e39e]" started-at="2024-02-21T14:43:03 IST" name="beforeMethod" finished-at="2024-02-21T14:43:03 IST" duration-ms="27" status="PASS">
          <params>
            <param index="0">
              <value>
                <![CDATA[public void com.spotify.oauth2.tests.PlaylistTests.shouldBeAbleToCreateplaylist()]]>
              </value>
            </param>
          </params>
          <reporter-output>
          </reporter-output>
        </test-method> <!-- beforeMethod -->
        <test-method is-config="true" signature="beforeMethod(java.lang.reflect.Method)[pri:0, instance:com.spotify.oauth2.tests.PlaylistTests@6293e39e]" started-at="2024-02-21T14:43:03 IST" name="beforeMethod" finished-at="2024-02-21T14:43:03 IST" duration-ms="27" status="PASS">
          <params>
            <param index="0">
              <value>
                <![CDATA[public void com.spotify.oauth2.tests.PlaylistTests.shouldNotBeAbleToCreateplaylistWithExpireToken()]]>
              </value>
            </param>
          </params>
          <reporter-output>
          </reporter-output>
        </test-method> <!-- beforeMethod -->
        <test-method is-config="true" signature="beforeMethod(java.lang.reflect.Method)[pri:0, instance:com.spotify.oauth2.tests.PlaylistTests@6293e39e]" started-at="2024-02-21T14:43:03 IST" name="beforeMethod" finished-at="2024-02-21T14:43:03 IST" duration-ms="27" status="PASS">
          <params>
            <param index="0">
              <value>
                <![CDATA[public void com.spotify.oauth2.tests.PlaylistTests.shouldBeAbleToUpdatePlayLists()]]>
              </value>
            </param>
          </params>
          <reporter-output>
          </reporter-output>
        </test-method> <!-- beforeMethod -->
        <test-method is-config="true" signature="beforeMethod(java.lang.reflect.Method)[pri:0, instance:com.spotify.oauth2.tests.PlaylistTests@6293e39e]" started-at="2024-02-21T14:43:03 IST" name="beforeMethod" finished-at="2024-02-21T14:43:03 IST" duration-ms="26" status="PASS">
          <params>
            <param index="0">
              <value>
                <![CDATA[public void com.spotify.oauth2.tests.PlaylistTests.shouldNotBeAbleToCreateplaylistWithoutName()]]>
              </value>
            </param>
          </params>
          <reporter-output>
          </reporter-output>
        </test-method> <!-- beforeMethod -->
        <test-method signature="shouldBeAbleToUpdatePlayLists()[pri:0, instance:com.spotify.oauth2.tests.PlaylistTests@6293e39e]" started-at="2024-02-21T14:43:03 IST" name="shouldBeAbleToUpdatePlayLists" finished-at="2024-02-21T14:43:08 IST" duration-ms="4674" status="PASS">
          <reporter-output>
          </reporter-output>
        </test-method> <!-- shouldBeAbleToUpdatePlayLists -->
        <test-method signature="shouldBeAbleToCreateplaylist()[pri:0, instance:com.spotify.oauth2.tests.PlaylistTests@6293e39e]" started-at="2024-02-21T14:43:03 IST" name="shouldBeAbleToCreateplaylist" description="should be able to create a playlist" finished-at="2024-02-21T14:43:08 IST" duration-ms="4643" status="PASS">
          <reporter-output>
          </reporter-output>
        </test-method> <!-- shouldBeAbleToCreateplaylist -->
        <test-method signature="shouldNotBeAbleToCreateplaylistWithoutName()[pri:0, instance:com.spotify.oauth2.tests.PlaylistTests@6293e39e]" started-at="2024-02-21T14:43:03 IST" name="shouldNotBeAbleToCreateplaylistWithoutName" finished-at="2024-02-21T14:43:08 IST" duration-ms="4479" status="PASS">
          <reporter-output>
          </reporter-output>
        </test-method> <!-- shouldNotBeAbleToCreateplaylistWithoutName -->
        <test-method signature="shouldBeAbleToGetPlaylist()[pri:0, instance:com.spotify.oauth2.tests.PlaylistTests@6293e39e]" started-at="2024-02-21T14:43:03 IST" name="shouldBeAbleToGetPlaylist" finished-at="2024-02-21T14:43:08 IST" duration-ms="4625" status="PASS">
          <reporter-output>
          </reporter-output>
        </test-method> <!-- shouldBeAbleToGetPlaylist -->
        <test-method signature="shouldNotBeAbleToCreateplaylistWithExpireToken()[pri:0, instance:com.spotify.oauth2.tests.PlaylistTests@6293e39e]" started-at="2024-02-21T14:43:03 IST" name="shouldNotBeAbleToCreateplaylistWithExpireToken" finished-at="2024-02-21T14:43:07 IST" duration-ms="3413" status="PASS">
          <reporter-output>
          </reporter-output>
        </test-method> <!-- shouldNotBeAbleToCreateplaylistWithExpireToken -->
      </class> <!-- com.spotify.oauth2.tests.PlaylistTests -->
    </test> <!-- Surefire test -->
  </suite> <!-- Surefire suite -->
</testng-results>
